[00:04:53] [Server thread/WARN]: Keeping entity minecraft:pig that already exists with UUID 8900d8fc-74db-411b-9e89-307ede51d038
[00:04:53] [Server thread/WARN]: Keeping entity minecraft:pig that already exists with UUID f83763b0-28b4-4d28-a284-4137621b3e15
[00:04:53] [Server thread/WARN]: Keeping entity minecraft:pig that already exists with UUID 88d05b88-08b5-488f-be57-dd9512c27b75
[00:04:53] [Server thread/WARN]: Keeping entity minecraft:pig that already exists with UUID f9f27c9b-8028-41e5-8203-d04618a1bc37
[00:15:13] [Server thread/WARN]: Keeping entity minecraft:pig that already exists with UUID 8900d8fc-74db-411b-9e89-307ede51d038
[00:32:15] [Server thread/WARN]: Keeping entity minecraft:pig that already exists with UUID 8900d8fc-74db-411b-9e89-307ede51d038
[01:04:58] [Server thread/INFO]: CreeperSchaap fell from a high place
[01:05:00] [Server thread/WARN]: Keeping entity minecraft:pig that already exists with UUID f83763b0-28b4-4d28-a284-4137621b3e15
[01:05:00] [Server thread/WARN]: Keeping entity minecraft:pig that already exists with UUID 88d05b88-08b5-488f-be57-dd9512c27b75
[01:05:00] [Server thread/WARN]: Keeping entity minecraft:pig that already exists with UUID f9f27c9b-8028-41e5-8203-d04618a1bc37
[01:05:09] [Server thread/INFO]: [CreeperSchaap: Set own game mode to Creative Mode]
[01:05:16] [Server thread/WARN]: Keeping entity minecraft:pig that already exists with UUID 8900d8fc-74db-411b-9e89-307ede51d038
[01:14:32] [Server thread/WARN]: Can't keep up! Is the server overloaded? Running 8492ms or 169 ticks behind
[01:14:34] [Server thread/INFO]: CreeperSchaap has completed the challenge [Subspace Bubble]
[01:16:08] [Server thread/WARN]: CreeperSchaap moved too quickly! -3.251419748070475,0.0,-9.808227490642821
[01:16:08] [Server thread/WARN]: Can't keep up! Is the server overloaded? Running 2007ms or 40 ticks behind
[01:18:43] [Server thread/INFO]: CreeperSchaap lost connection: Disconnected
[01:18:43] [Server thread/INFO]: CreeperSchaap left the game
[01:32:20] [Server thread/INFO]: Stopping server
[01:32:20] [Server thread/INFO]: Saving players
[01:32:20] [Server thread/INFO]: Saving worlds
[01:32:20] [Server thread/INFO]: Saving chunks for level 'Wijkteam Regenboog 666'/overworld
[01:32:20] [Server thread/INFO]: Saving chunks for level 'Wijkteam Regenboog 666'/the_nether
[01:32:20] [Server thread/INFO]: Saving chunks for level 'Wijkteam Regenboog 666'/the_end
[01:32:20] [Server Shutdown Thread/INFO]: Stopping server
[01:32:20] [Server Shutdown Thread/INFO]: Saving players
[01:32:20] [Server Shutdown Thread/INFO]: Saving worlds
